<?xml version="1.0" encoding="UTF-8"?>
<!-- Generated by org.testng.reporters.JUnitReportReporter -->
<testsuite hostname="LAPTOP-8LK4QLKQ" failures="0" tests="2" name="TestNGconcepts.Annotations" time="0.005" errors="0" timestamp="18 Aug. 2021 20:20:31 GMT" skipped="0">
  <testcase classname="TestNGconcepts.Annotations" name="canceltickets" time="0.001"/>
  <testcase classname="TestNGconcepts.Annotations" name="booktickets" time="0.004"/>
</testsuite> <!-- TestNGconcepts.Annotations -->
