<?xml version="1.0" encoding="UTF-8"?>
<!-- Generated by org.testng.reporters.JUnitReportReporter -->
<testsuite hostname="LAPTOP-8LK4QLKQ" failures="0" tests="2" name="TestNGconcepts.Dataproviderconcept" time="0.009" errors="0" timestamp="19 Aug. 2021 20:52:39 GMT" skipped="0">
  <testcase classname="TestNGconcepts.Dataproviderconcept" name="customerdetails" time="0.002"/>
  <testcase classname="TestNGconcepts.Dataproviderconcept" name="customerdetails" time="0.007"/>
</testsuite> <!-- TestNGconcepts.Dataproviderconcept -->
