<?xml version="1.0" encoding="UTF-8"?>
<!-- Generated by org.testng.reporters.JUnitReportReporter -->
<testsuite hostname="LAPTOP-8LK4QLKQ" failures="0" tests="1" name="TestNGconcepts.propertiesconcept" time="4.466" errors="0" timestamp="24 Aug. 2021 22:32:50 GMT" skipped="0">
  <testcase classname="TestNGconcepts.propertiesconcept" name="setup" time="4.466"/>
</testsuite> <!-- TestNGconcepts.propertiesconcept -->
