<?xml version="1.0" encoding="UTF-8"?>
<!-- Generated by org.testng.reporters.JUnitReportReporter -->
<testsuite hostname="LAPTOP-8LK4QLKQ" failures="0" tests="3" name="parallel.TC003_Loginintosurveymonkeyapplications" time="12.160" errors="0" timestamp="24 Aug. 2021 19:45:22 GMT" skipped="0">
  <testcase classname="parallel.TC003_Loginintosurveymonkeyapplications" name="launchapplication" time="5.746"/>
  <testcase classname="parallel.TC003_Loginintosurveymonkeyapplications" name="loginintoapplication" time="5.415"/>
  <testcase classname="parallel.TC003_Loginintosurveymonkeyapplications" name="logout" time="0.999"/>
</testsuite> <!-- parallel.TC003_Loginintosurveymonkeyapplications -->
