<?xml version="1.0" encoding="UTF-8"?>
<!-- Generated by org.testng.reporters.JUnitReportReporter -->
<testsuite hostname="LAPTOP-8LK4QLKQ" failures="0" tests="5" name="parallel.LoginTest" time="32.506" errors="0" timestamp="24 Aug. 2021 19:45:22 GMT" skipped="0">
  <testcase classname="parallel.LoginTest" name="signuplink" time="5.340"/>
  <testcase classname="parallel.LoginTest" name="pagetitletest" time="4.503"/>
  <testcase classname="parallel.LoginTest" name="logintestpage" time="10.965"/>
  <testcase classname="parallel.LoginTest" name="forgotpassword" time="4.814"/>
  <testcase classname="parallel.LoginTest" name="loginSOS" time="6.884"/>
</testsuite> <!-- parallel.LoginTest -->
