<?xml version="1.0" encoding="UTF-8"?>
<!-- Generated by org.testng.reporters.JUnitReportReporter -->
<testsuite hostname="LAPTOP-8LK4QLKQ" failures="0" tests="2" name="TestNGconcepts.firsttestngcode" time="0.010" errors="0" timestamp="18 Aug. 2021 16:58:06 GMT" skipped="0">
  <testcase classname="TestNGconcepts.firsttestngcode" name="displayname" time="0.001"/>
  <testcase classname="TestNGconcepts.firsttestngcode" name="displaymessage" time="0.009"/>
</testsuite> <!-- TestNGconcepts.firsttestngcode -->
