<?xml version="1.0" encoding="UTF-8"?>
<!-- Generated by org.testng.reporters.JUnitReportReporter -->
<testsuite hostname="LAPTOP-8LK4QLKQ" failures="0" tests="1" name="TestNGconcepts.testng" time="0.010" errors="0" timestamp="18 Aug. 2021 16:54:34 GMT" skipped="0">
  <testcase classname="TestNGconcepts.testng" name="getmessage" time="0.010"/>
</testsuite> <!-- TestNGconcepts.testng -->
