<?xml version="1.0" encoding="UTF-8"?>
<!-- Generated by org.testng.reporters.JUnitReportReporter -->
<testsuite hostname="LAPTOP-8LK4QLKQ" failures="0" tests="2" name="TestNGconcepts.TC009_DataproviderFromOtherClass" time="0.011" errors="0" timestamp="24 Aug. 2021 16:12:32 GMT" skipped="0">
  <testcase classname="TestNGconcepts.TC009_DataproviderFromOtherClass" name="customerdetails" time="0.002"/>
  <testcase classname="TestNGconcepts.TC009_DataproviderFromOtherClass" name="customerdetails" time="0.009"/>
</testsuite> <!-- TestNGconcepts.TC009_DataproviderFromOtherClass -->
