<?xml version="1.0" encoding="UTF-8"?>
<!-- Generated by org.testng.reporters.JUnitReportReporter -->
<testsuite hostname="LAPTOP-8LK4QLKQ" failures="0" tests="2" name="parallel.TC001_firsttestngcode" time="0.009" errors="0" timestamp="24 Aug. 2021 19:34:48 GMT" skipped="0">
  <testcase classname="parallel.TC001_firsttestngcode" name="displayname" time="0.001"/>
  <testcase classname="parallel.TC001_firsttestngcode" name="displaymessage" time="0.008"/>
</testsuite> <!-- parallel.TC001_firsttestngcode -->
