<?xml version="1.0" encoding="UTF-8"?>
<!-- Generated by org.testng.reporters.JUnitReportReporter -->
<testsuite hostname="LAPTOP-8LK4QLKQ" failures="0" tests="5" name="TestNGconcepts.LoginTest" time="29.947" errors="0" timestamp="24 Aug. 2021 17:50:29 GMT" skipped="0">
  <testcase classname="TestNGconcepts.LoginTest" name="signuplink" time="5.064"/>
  <testcase classname="TestNGconcepts.LoginTest" name="pagetitletest" time="5.976"/>
  <testcase classname="TestNGconcepts.LoginTest" name="logintestpage" time="8.664"/>
  <testcase classname="TestNGconcepts.LoginTest" name="forgotpassword" time="4.989"/>
  <testcase classname="TestNGconcepts.LoginTest" name="loginSOS" time="5.254"/>
</testsuite> <!-- TestNGconcepts.LoginTest -->
