<?xml version="1.0" encoding="UTF-8"?>
<!-- Generated by org.testng.reporters.JUnitReportReporter -->
<testsuite hostname="LAPTOP-8LK4QLKQ" failures="0" tests="1" name="TestNGconcepts.TC006_ExceptionsConcept" time="0.008" errors="0" timestamp="19 Aug. 2021 19:33:11 GMT" skipped="0">
  <testcase classname="TestNGconcepts.TC006_ExceptionsConcept" name="multipleexception" time="0.008"/>
</testsuite> <!-- TestNGconcepts.TC006_ExceptionsConcept -->
