<?xml version="1.0" encoding="UTF-8"?>
<!-- Generated by org.testng.reporters.JUnitReportReporter -->
<testsuite hostname="LAPTOP-8LK4QLKQ" failures="0" tests="2" name="TestNGconcepts.TC001_firsttestngcode" time="0.007" errors="0" timestamp="24 Aug. 2021 17:50:29 GMT" skipped="0">
  <testcase classname="TestNGconcepts.TC001_firsttestngcode" name="displaymessage" time="0.005"/>
  <testcase classname="TestNGconcepts.TC001_firsttestngcode" name="displayname" time="0.002"/>
</testsuite> <!-- TestNGconcepts.TC001_firsttestngcode -->
