<?xml version="1.0" encoding="UTF-8"?>
<!-- Generated by org.testng.reporters.JUnitReportReporter -->
<testsuite hostname="LAPTOP-8LK4QLKQ" failures="0" tests="3" name="RegressionSuite.TC002_Testcasespriority" time="0.010" errors="0" timestamp="24 Aug. 2021 18:24:15 GMT" skipped="0">
  <testcase classname="RegressionSuite.TC002_Testcasespriority" name="login" time="0.008"/>
  <testcase classname="RegressionSuite.TC002_Testcasespriority" name="booktickets" time="0.001"/>
  <testcase classname="RegressionSuite.TC002_Testcasespriority" name="logout" time="0.001"/>
</testsuite> <!-- RegressionSuite.TC002_Testcasespriority -->
