<?xml version="1.0" encoding="UTF-8"?>
<!-- Generated by org.testng.reporters.JUnitReportReporter -->
<testsuite hostname="LAPTOP-8LK4QLKQ" failures="0" tests="2" name="RegressionSuite.TC001_firsttestngcode" time="0.002" errors="0" timestamp="24 Aug. 2021 18:24:15 GMT" skipped="0">
  <testcase classname="RegressionSuite.TC001_firsttestngcode" name="displaymessage" time="0.001"/>
  <testcase classname="RegressionSuite.TC001_firsttestngcode" name="displayname" time="0.001"/>
</testsuite> <!-- RegressionSuite.TC001_firsttestngcode -->
