<?xml version="1.0" encoding="UTF-8"?>
<!-- Generated by org.testng.reporters.JUnitReportReporter -->
<testsuite hostname="LAPTOP-8LK4QLKQ" failures="0" tests="10" name="TestNGconcepts.TC005_EnabledConcept" time="26.173" errors="0" timestamp="19 Aug. 2021 18:33:40 GMT" skipped="5">
  <testcase classname="TestNGconcepts.TC005_EnabledConcept" name="signuplink1" time="4.331"/>
  <testcase classname="TestNGconcepts.TC005_EnabledConcept" name="pagetitletest1" time="4.299"/>
  <testcase classname="TestNGconcepts.TC005_EnabledConcept" name="logintestpage1" time="7.334"/>
  <testcase classname="TestNGconcepts.TC005_EnabledConcept" name="forgotpassword1" time="4.717"/>
  <testcase classname="TestNGconcepts.TC005_EnabledConcept" name="loginSOS1" time="5.492"/>
  <testcase classname="TestNGconcepts.TC005_EnabledConcept" name="logintestpage">
    <skipped/>
  </testcase> <!-- logintestpage -->
  <testcase classname="TestNGconcepts.TC005_EnabledConcept" name="signuplink">
    <skipped/>
  </testcase> <!-- signuplink -->
  <testcase classname="TestNGconcepts.TC005_EnabledConcept" name="forgotpassword">
    <skipped/>
  </testcase> <!-- forgotpassword -->
  <testcase classname="TestNGconcepts.TC005_EnabledConcept" name="loginSOS">
    <skipped/>
  </testcase> <!-- loginSOS -->
  <testcase classname="TestNGconcepts.TC005_EnabledConcept" name="pagetitletest">
    <skipped/>
  </testcase> <!-- pagetitletest -->
</testsuite> <!-- TestNGconcepts.TC005_EnabledConcept -->
