<?xml version="1.0" encoding="UTF-8"?>
<!-- Generated by org.testng.reporters.JUnitReportReporter -->
<testsuite hostname="LAPTOP-8LK4QLKQ" failures="0" tests="10" name="TestNGconcepts.TC007_Invocationconcept" time="0.016" errors="0" timestamp="19 Aug. 2021 19:44:45 GMT" skipped="0">
  <testcase classname="TestNGconcepts.TC007_Invocationconcept" name="login" time="0.010"/>
  <testcase classname="TestNGconcepts.TC007_Invocationconcept" name="login" time="0.001"/>
  <testcase classname="TestNGconcepts.TC007_Invocationconcept" name="login" time="0.001"/>
  <testcase classname="TestNGconcepts.TC007_Invocationconcept" name="login" time="0.000"/>
  <testcase classname="TestNGconcepts.TC007_Invocationconcept" name="login" time="0.000"/>
  <testcase classname="TestNGconcepts.TC007_Invocationconcept" name="login" time="0.002"/>
  <testcase classname="TestNGconcepts.TC007_Invocationconcept" name="login" time="0.001"/>
  <testcase classname="TestNGconcepts.TC007_Invocationconcept" name="login" time="0.001"/>
  <testcase classname="TestNGconcepts.TC007_Invocationconcept" name="login" time="0.000"/>
  <testcase classname="TestNGconcepts.TC007_Invocationconcept" name="login" time="0.000"/>
</testsuite> <!-- TestNGconcepts.TC007_Invocationconcept -->
