<?xml version="1.0" encoding="UTF-8"?>
<!-- Generated by org.testng.reporters.JUnitReportReporter -->
<testsuite hostname="LAPTOP-8LK4QLKQ" failures="0" tests="5" name="RegressionSuite.LoginTest" time="28.099" errors="0" timestamp="24 Aug. 2021 18:24:15 GMT" skipped="0">
  <testcase classname="RegressionSuite.LoginTest" name="signuplink" time="5.094"/>
  <testcase classname="RegressionSuite.LoginTest" name="pagetitletest" time="4.480"/>
  <testcase classname="RegressionSuite.LoginTest" name="logintestpage" time="9.294"/>
  <testcase classname="RegressionSuite.LoginTest" name="forgotpassword" time="4.402"/>
  <testcase classname="RegressionSuite.LoginTest" name="loginSOS" time="4.829"/>
</testsuite> <!-- RegressionSuite.LoginTest -->
